2020-12-17 10:38:54.187  WARN 12292 --- [HikariPool-1 housekeeper] com.zaxxer.hikari.pool.HikariPool        : HikariPool-1 - Thread starvation or clock leap detected (housekeeper delta=10h49m48s832ms113µs800ns).
2020-12-17 10:50:18.963  WARN 12292 --- [HikariPool-1 housekeeper] com.zaxxer.hikari.pool.HikariPool        : HikariPool-1 - Thread starvation or clock leap detected (housekeeper delta=11m40s891ms655µs700ns).
2020-12-17 10:55:44.023  INFO 15968 --- [main] o.s.c.BookStorePurchaseApplicationTests  : Starting BookStorePurchaseApplicationTests on ADMINRG-TPPR4UK with PID 15968 (started by Admin in F:\LibraryManagementProject\BookStorePurchase)
2020-12-17 10:55:44.027  INFO 15968 --- [main] o.s.c.BookStorePurchaseApplicationTests  : No active profile set, falling back to default profiles: default
2020-12-17 10:55:44.144 DEBUG 15968 --- [main] o.s.w.c.s.GenericWebApplicationContext   : Refreshing org.springframework.web.context.support.GenericWebApplicationContext@37ebc9d8
2020-12-17 10:55:47.185  INFO 15968 --- [main] trationDelegate$BeanPostProcessorChecker : Bean 'org.springframework.security.access.expression.method.DefaultMethodSecurityExpressionHandler@32456db0' of type [org.springframework.security.access.expression.method.DefaultMethodSecurityExpressionHandler] is not eligible for getting processed by all BeanPostProcessors (for example: not eligible for auto-proxying)
2020-12-17 10:55:47.202  INFO 15968 --- [main] trationDelegate$BeanPostProcessorChecker : Bean 'methodSecurityMetadataSource' of type [org.springframework.security.access.method.DelegatingMethodSecurityMetadataSource] is not eligible for getting processed by all BeanPostProcessors (for example: not eligible for auto-proxying)
2020-12-17 10:55:47.250  WARN 15968 --- [main] o.s.w.c.s.GenericWebApplicationContext   : Exception encountered during context initialization - cancelling refresh attempt: org.springframework.beans.factory.UnsatisfiedDependencyException: Error creating bean with name 'userController' defined in file [F:\LibraryManagementProject\BookStorePurchase\target\classes\org\store\com\controller\UserController.class]: Unsatisfied dependency expressed through constructor parameter 1; nested exception is org.springframework.beans.factory.NoSuchBeanDefinitionException: No qualifying bean of type 'org.store.com.repo.UserRepository' available: expected at least 1 bean which qualifies as autowire candidate. Dependency annotations: {}
2020-12-17 10:55:47.269  INFO 15968 --- [main] ConditionEvaluationReportLoggingListener : 

Error starting ApplicationContext. To display the conditions report re-run your application with 'debug' enabled.
2020-12-17 10:55:47.355 ERROR 15968 --- [main] o.s.b.d.LoggingFailureAnalysisReporter   : 

***************************
APPLICATION FAILED TO START
***************************

Description:

Parameter 1 of constructor in org.store.com.controller.UserController required a bean of type 'org.store.com.repo.UserRepository' that could not be found.


Action:

Consider defining a bean of type 'org.store.com.repo.UserRepository' in your configuration.

2020-12-17 10:55:47.367 ERROR 15968 --- [main] o.s.test.context.TestContextManager      : Caught exception while allowing TestExecutionListener [org.springframework.boot.test.mock.mockito.MockitoTestExecutionListener@53251a66] to prepare test instance [org.store.com.BookStorePurchaseApplicationTests@1de4285e]

java.lang.IllegalStateException: Failed to load ApplicationContext
	at org.springframework.test.context.cache.DefaultCacheAwareContextLoaderDelegate.loadContext(DefaultCacheAwareContextLoaderDelegate.java:132) ~[spring-test-5.2.9.RELEASE.jar:5.2.9.RELEASE]
	at org.springframework.test.context.support.DefaultTestContext.getApplicationContext(DefaultTestContext.java:123) ~[spring-test-5.2.9.RELEASE.jar:5.2.9.RELEASE]
	at org.springframework.boot.test.mock.mockito.MockitoTestExecutionListener.postProcessFields(MockitoTestExecutionListener.java:95) ~[spring-boot-test-2.3.4.RELEASE.jar:2.3.4.RELEASE]
	at org.springframework.boot.test.mock.mockito.MockitoTestExecutionListener.injectFields(MockitoTestExecutionListener.java:79) ~[spring-boot-test-2.3.4.RELEASE.jar:2.3.4.RELEASE]
	at org.springframework.boot.test.mock.mockito.MockitoTestExecutionListener.prepareTestInstance(MockitoTestExecutionListener.java:54) ~[spring-boot-test-2.3.4.RELEASE.jar:2.3.4.RELEASE]
	at org.springframework.test.context.TestContextManager.prepareTestInstance(TestContextManager.java:244) ~[spring-test-5.2.9.RELEASE.jar:5.2.9.RELEASE]
	at org.springframework.test.context.junit.jupiter.SpringExtension.postProcessTestInstance(SpringExtension.java:98) ~[spring-test-5.2.9.RELEASE.jar:5.2.9.RELEASE]
	at org.junit.jupiter.engine.descriptor.ClassBasedTestDescriptor.lambda$invokeTestInstancePostProcessors$5(ClassBasedTestDescriptor.java:341) ~[junit-jupiter-engine-5.6.2.jar:5.6.2]
	at org.junit.jupiter.engine.descriptor.ClassBasedTestDescriptor.executeAndMaskThrowable(ClassBasedTestDescriptor.java:346) ~[junit-jupiter-engine-5.6.2.jar:5.6.2]
	at org.junit.jupiter.engine.descriptor.ClassBasedTestDescriptor.lambda$invokeTestInstancePostProcessors$6(ClassBasedTestDescriptor.java:341) ~[junit-jupiter-engine-5.6.2.jar:5.6.2]
	at java.base/java.util.stream.ReferencePipeline$3$1.accept(ReferencePipeline.java:195) ~[na:na]
	at java.base/java.util.stream.ReferencePipeline$2$1.accept(ReferencePipeline.java:177) ~[na:na]
	at java.base/java.util.ArrayList$ArrayListSpliterator.forEachRemaining(ArrayList.java:1625) ~[na:na]
	at java.base/java.util.stream.AbstractPipeline.copyInto(AbstractPipeline.java:484) ~[na:na]
	at java.base/java.util.stream.AbstractPipeline.wrapAndCopyInto(AbstractPipeline.java:474) ~[na:na]
	at java.base/java.util.stream.StreamSpliterators$WrappingSpliterator.forEachRemaining(StreamSpliterators.java:312) ~[na:na]
	at java.base/java.util.stream.Streams$ConcatSpliterator.forEachRemaining(Streams.java:735) ~[na:na]
	at java.base/java.util.stream.Streams$ConcatSpliterator.forEachRemaining(Streams.java:734) ~[na:na]
	at java.base/java.util.stream.ReferencePipeline$Head.forEach(ReferencePipeline.java:658) ~[na:na]
	at org.junit.jupiter.engine.descriptor.ClassBasedTestDescriptor.invokeTestInstancePostProcessors(ClassBasedTestDescriptor.java:340) ~[junit-jupiter-engine-5.6.2.jar:5.6.2]
	at org.junit.jupiter.engine.descriptor.ClassBasedTestDescriptor.instantiateAndPostProcessTestInstance(ClassBasedTestDescriptor.java:263) ~[junit-jupiter-engine-5.6.2.jar:5.6.2]
	at org.junit.jupiter.engine.descriptor.ClassBasedTestDescriptor.lambda$testInstancesProvider$2(ClassBasedTestDescriptor.java:256) ~[junit-jupiter-engine-5.6.2.jar:5.6.2]
	at java.base/java.util.Optional.orElseGet(Optional.java:362) ~[na:na]
	at org.junit.jupiter.engine.descriptor.ClassBasedTestDescriptor.lambda$testInstancesProvider$3(ClassBasedTestDescriptor.java:255) ~[junit-jupiter-engine-5.6.2.jar:5.6.2]
	at org.junit.jupiter.engine.execution.TestInstancesProvider.getTestInstances(TestInstancesProvider.java:29) ~[junit-jupiter-engine-5.6.2.jar:5.6.2]
	at org.junit.jupiter.engine.descriptor.TestMethodTestDescriptor.lambda$prepare$0(TestMethodTestDescriptor.java:108) ~[junit-jupiter-engine-5.6.2.jar:5.6.2]
	at org.junit.platform.engine.support.hierarchical.ThrowableCollector.execute(ThrowableCollector.java:73) ~[junit-platform-engine-1.6.2.jar:1.6.2]
	at org.junit.jupiter.engine.descriptor.TestMethodTestDescriptor.prepare(TestMethodTestDescriptor.java:107) ~[junit-jupiter-engine-5.6.2.jar:5.6.2]
	at org.junit.jupiter.engine.descriptor.TestMethodTestDescriptor.prepare(TestMethodTestDescriptor.java:71) ~[junit-jupiter-engine-5.6.2.jar:5.6.2]
	at org.junit.platform.engine.support.hierarchical.NodeTestTask.lambda$prepare$1(NodeTestTask.java:107) ~[junit-platform-engine-1.6.2.jar:1.6.2]
	at org.junit.platform.engine.support.hierarchical.ThrowableCollector.execute(ThrowableCollector.java:73) ~[junit-platform-engine-1.6.2.jar:1.6.2]
	at org.junit.platform.engine.support.hierarchical.NodeTestTask.prepare(NodeTestTask.java:107) ~[junit-platform-engine-1.6.2.jar:1.6.2]
	at org.junit.platform.engine.support.hierarchical.NodeTestTask.execute(NodeTestTask.java:75) ~[junit-platform-engine-1.6.2.jar:1.6.2]
	at java.base/java.util.ArrayList.forEach(ArrayList.java:1511) ~[na:na]
	at org.junit.platform.engine.support.hierarchical.SameThreadHierarchicalTestExecutorService.invokeAll(SameThreadHierarchicalTestExecutorService.java:38) ~[junit-platform-engine-1.6.2.jar:1.6.2]
	at org.junit.platform.engine.support.hierarchical.NodeTestTask.lambda$executeRecursively$5(NodeTestTask.java:139) ~[junit-platform-engine-1.6.2.jar:1.6.2]
	at org.junit.platform.engine.support.hierarchical.ThrowableCollector.execute(ThrowableCollector.java:73) ~[junit-platform-engine-1.6.2.jar:1.6.2]
	at org.junit.platform.engine.support.hierarchical.NodeTestTask.lambda$executeRecursively$7(NodeTestTask.java:125) ~[junit-platform-engine-1.6.2.jar:1.6.2]
	at org.junit.platform.engine.support.hierarchical.Node.around(Node.java:135) ~[junit-platform-engine-1.6.2.jar:1.6.2]
	at org.junit.platform.engine.support.hierarchical.NodeTestTask.lambda$executeRecursively$8(NodeTestTask.java:123) ~[junit-platform-engine-1.6.2.jar:1.6.2]
	at org.junit.platform.engine.support.hierarchical.ThrowableCollector.execute(ThrowableCollector.java:73) ~[junit-platform-engine-1.6.2.jar:1.6.2]
	at org.junit.platform.engine.support.hierarchical.NodeTestTask.executeRecursively(NodeTestTask.java:122) ~[junit-platform-engine-1.6.2.jar:1.6.2]
	at org.junit.platform.engine.support.hierarchical.NodeTestTask.execute(NodeTestTask.java:80) ~[junit-platform-engine-1.6.2.jar:1.6.2]
	at java.base/java.util.ArrayList.forEach(ArrayList.java:1511) ~[na:na]
	at org.junit.platform.engine.support.hierarchical.SameThreadHierarchicalTestExecutorService.invokeAll(SameThreadHierarchicalTestExecutorService.java:38) ~[junit-platform-engine-1.6.2.jar:1.6.2]
	at org.junit.platform.engine.support.hierarchical.NodeTestTask.lambda$executeRecursively$5(NodeTestTask.java:139) ~[junit-platform-engine-1.6.2.jar:1.6.2]
	at org.junit.platform.engine.support.hierarchical.ThrowableCollector.execute(ThrowableCollector.java:73) ~[junit-platform-engine-1.6.2.jar:1.6.2]
	at org.junit.platform.engine.support.hierarchical.NodeTestTask.lambda$executeRecursively$7(NodeTestTask.java:125) ~[junit-platform-engine-1.6.2.jar:1.6.2]
	at org.junit.platform.engine.support.hierarchical.Node.around(Node.java:135) ~[junit-platform-engine-1.6.2.jar:1.6.2]
	at org.junit.platform.engine.support.hierarchical.NodeTestTask.lambda$executeRecursively$8(NodeTestTask.java:123) ~[junit-platform-engine-1.6.2.jar:1.6.2]
	at org.junit.platform.engine.support.hierarchical.ThrowableCollector.execute(ThrowableCollector.java:73) ~[junit-platform-engine-1.6.2.jar:1.6.2]
	at org.junit.platform.engine.support.hierarchical.NodeTestTask.executeRecursively(NodeTestTask.java:122) ~[junit-platform-engine-1.6.2.jar:1.6.2]
	at org.junit.platform.engine.support.hierarchical.NodeTestTask.execute(NodeTestTask.java:80) ~[junit-platform-engine-1.6.2.jar:1.6.2]
	at org.junit.platform.engine.support.hierarchical.SameThreadHierarchicalTestExecutorService.submit(SameThreadHierarchicalTestExecutorService.java:32) ~[junit-platform-engine-1.6.2.jar:1.6.2]
	at org.junit.platform.engine.support.hierarchical.HierarchicalTestExecutor.execute(HierarchicalTestExecutor.java:57) ~[junit-platform-engine-1.6.2.jar:1.6.2]
	at org.junit.platform.engine.support.hierarchical.HierarchicalTestEngine.execute(HierarchicalTestEngine.java:51) ~[junit-platform-engine-1.6.2.jar:1.6.2]
	at org.junit.platform.launcher.core.DefaultLauncher.execute(DefaultLauncher.java:248) ~[junit-platform-launcher-1.6.2.jar:1.6.2]
	at org.junit.platform.launcher.core.DefaultLauncher.lambda$execute$5(DefaultLauncher.java:211) ~[junit-platform-launcher-1.6.2.jar:1.6.2]
	at org.junit.platform.launcher.core.DefaultLauncher.withInterceptedStreams(DefaultLauncher.java:226) ~[junit-platform-launcher-1.6.2.jar:1.6.2]
	at org.junit.platform.launcher.core.DefaultLauncher.execute(DefaultLauncher.java:199) ~[junit-platform-launcher-1.6.2.jar:1.6.2]
	at org.junit.platform.launcher.core.DefaultLauncher.execute(DefaultLauncher.java:141) ~[junit-platform-launcher-1.6.2.jar:1.6.2]
	at org.eclipse.jdt.internal.junit5.runner.JUnit5TestReference.run(JUnit5TestReference.java:98) ~[.cp/:na]
	at org.eclipse.jdt.internal.junit.runner.TestExecution.run(TestExecution.java:41) ~[.cp/:na]
	at org.eclipse.jdt.internal.junit.runner.RemoteTestRunner.runTests(RemoteTestRunner.java:542) ~[.cp/:na]
	at org.eclipse.jdt.internal.junit.runner.RemoteTestRunner.runTests(RemoteTestRunner.java:770) ~[.cp/:na]
	at org.eclipse.jdt.internal.junit.runner.RemoteTestRunner.run(RemoteTestRunner.java:464) ~[.cp/:na]
	at org.eclipse.jdt.internal.junit.runner.RemoteTestRunner.main(RemoteTestRunner.java:210) ~[.cp/:na]
Caused by: org.springframework.beans.factory.UnsatisfiedDependencyException: Error creating bean with name 'userController' defined in file [F:\LibraryManagementProject\BookStorePurchase\target\classes\org\store\com\controller\UserController.class]: Unsatisfied dependency expressed through constructor parameter 1; nested exception is org.springframework.beans.factory.NoSuchBeanDefinitionException: No qualifying bean of type 'org.store.com.repo.UserRepository' available: expected at least 1 bean which qualifies as autowire candidate. Dependency annotations: {}
	at org.springframework.beans.factory.support.ConstructorResolver.createArgumentArray(ConstructorResolver.java:797) ~[spring-beans-5.2.9.RELEASE.jar:5.2.9.RELEASE]
	at org.springframework.beans.factory.support.ConstructorResolver.autowireConstructor(ConstructorResolver.java:227) ~[spring-beans-5.2.9.RELEASE.jar:5.2.9.RELEASE]
	at org.springframework.beans.factory.support.AbstractAutowireCapableBeanFactory.autowireConstructor(AbstractAutowireCapableBeanFactory.java:1356) ~[spring-beans-5.2.9.RELEASE.jar:5.2.9.RELEASE]
	at org.springframework.beans.factory.support.AbstractAutowireCapableBeanFactory.createBeanInstance(AbstractAutowireCapableBeanFactory.java:1203) ~[spring-beans-5.2.9.RELEASE.jar:5.2.9.RELEASE]
	at org.springframework.beans.factory.support.AbstractAutowireCapableBeanFactory.doCreateBean(AbstractAutowireCapableBeanFactory.java:556) ~[spring-beans-5.2.9.RELEASE.jar:5.2.9.RELEASE]
	at org.springframework.beans.factory.support.AbstractAutowireCapableBeanFactory.createBean(AbstractAutowireCapableBeanFactory.java:516) ~[spring-beans-5.2.9.RELEASE.jar:5.2.9.RELEASE]
	at org.springframework.beans.factory.support.AbstractBeanFactory.lambda$doGetBean$0(AbstractBeanFactory.java:324) ~[spring-beans-5.2.9.RELEASE.jar:5.2.9.RELEASE]
	at org.springframework.beans.factory.support.DefaultSingletonBeanRegistry.getSingleton(DefaultSingletonBeanRegistry.java:234) ~[spring-beans-5.2.9.RELEASE.jar:5.2.9.RELEASE]
	at org.springframework.beans.factory.support.AbstractBeanFactory.doGetBean(AbstractBeanFactory.java:322) ~[spring-beans-5.2.9.RELEASE.jar:5.2.9.RELEASE]
	at org.springframework.beans.factory.support.AbstractBeanFactory.getBean(AbstractBeanFactory.java:202) ~[spring-beans-5.2.9.RELEASE.jar:5.2.9.RELEASE]
	at org.springframework.beans.factory.support.DefaultListableBeanFactory.preInstantiateSingletons(DefaultListableBeanFactory.java:897) ~[spring-beans-5.2.9.RELEASE.jar:5.2.9.RELEASE]
	at org.springframework.context.support.AbstractApplicationContext.finishBeanFactoryInitialization(AbstractApplicationContext.java:879) ~[spring-context-5.2.9.RELEASE.jar:5.2.9.RELEASE]
	at org.springframework.context.support.AbstractApplicationContext.refresh(AbstractApplicationContext.java:551) ~[spring-context-5.2.9.RELEASE.jar:5.2.9.RELEASE]
	at org.springframework.boot.SpringApplication.refresh(SpringApplication.java:758) ~[spring-boot-2.3.4.RELEASE.jar:2.3.4.RELEASE]
	at org.springframework.boot.SpringApplication.refresh(SpringApplication.java:750) ~[spring-boot-2.3.4.RELEASE.jar:2.3.4.RELEASE]
	at org.springframework.boot.SpringApplication.refreshContext(SpringApplication.java:397) ~[spring-boot-2.3.4.RELEASE.jar:2.3.4.RELEASE]
	at org.springframework.boot.SpringApplication.run(SpringApplication.java:315) ~[spring-boot-2.3.4.RELEASE.jar:2.3.4.RELEASE]
	at org.springframework.boot.test.context.SpringBootContextLoader.loadContext(SpringBootContextLoader.java:120) ~[spring-boot-test-2.3.4.RELEASE.jar:2.3.4.RELEASE]
	at org.springframework.test.context.cache.DefaultCacheAwareContextLoaderDelegate.loadContextInternal(DefaultCacheAwareContextLoaderDelegate.java:99) ~[spring-test-5.2.9.RELEASE.jar:5.2.9.RELEASE]
	at org.springframework.test.context.cache.DefaultCacheAwareContextLoaderDelegate.loadContext(DefaultCacheAwareContextLoaderDelegate.java:124) ~[spring-test-5.2.9.RELEASE.jar:5.2.9.RELEASE]
	... 66 common frames omitted
Caused by: org.springframework.beans.factory.NoSuchBeanDefinitionException: No qualifying bean of type 'org.store.com.repo.UserRepository' available: expected at least 1 bean which qualifies as autowire candidate. Dependency annotations: {}
	at org.springframework.beans.factory.support.DefaultListableBeanFactory.raiseNoMatchingBeanFound(DefaultListableBeanFactory.java:1717) ~[spring-beans-5.2.9.RELEASE.jar:5.2.9.RELEASE]
	at org.springframework.beans.factory.support.DefaultListableBeanFactory.doResolveDependency(DefaultListableBeanFactory.java:1273) ~[spring-beans-5.2.9.RELEASE.jar:5.2.9.RELEASE]
	at org.springframework.beans.factory.support.DefaultListableBeanFactory.resolveDependency(DefaultListableBeanFactory.java:1227) ~[spring-beans-5.2.9.RELEASE.jar:5.2.9.RELEASE]
	at org.springframework.beans.factory.support.ConstructorResolver.resolveAutowiredArgument(ConstructorResolver.java:884) ~[spring-beans-5.2.9.RELEASE.jar:5.2.9.RELEASE]
	at org.springframework.beans.factory.support.ConstructorResolver.createArgumentArray(ConstructorResolver.java:788) ~[spring-beans-5.2.9.RELEASE.jar:5.2.9.RELEASE]
	... 85 common frames omitted

2020-12-17 10:57:03.173  INFO 16372 --- [main] o.s.c.BookStorePurchaseApplicationTests  : Starting BookStorePurchaseApplicationTests on ADMINRG-TPPR4UK with PID 16372 (started by Admin in F:\LibraryManagementProject\BookStorePurchase)
2020-12-17 10:57:03.178  INFO 16372 --- [main] o.s.c.BookStorePurchaseApplicationTests  : No active profile set, falling back to default profiles: default
2020-12-17 10:57:03.203 DEBUG 16372 --- [main] o.s.w.c.s.GenericWebApplicationContext   : Refreshing org.springframework.web.context.support.GenericWebApplicationContext@72e34f77
2020-12-17 10:57:04.845  INFO 16372 --- [main] trationDelegate$BeanPostProcessorChecker : Bean 'org.springframework.security.access.expression.method.DefaultMethodSecurityExpressionHandler@22bdb1d0' of type [org.springframework.security.access.expression.method.DefaultMethodSecurityExpressionHandler] is not eligible for getting processed by all BeanPostProcessors (for example: not eligible for auto-proxying)
2020-12-17 10:57:04.872  INFO 16372 --- [main] trationDelegate$BeanPostProcessorChecker : Bean 'methodSecurityMetadataSource' of type [org.springframework.security.access.method.DelegatingMethodSecurityMetadataSource] is not eligible for getting processed by all BeanPostProcessors (for example: not eligible for auto-proxying)
2020-12-17 10:57:05.135  WARN 16372 --- [main] o.s.w.c.s.GenericWebApplicationContext   : Exception encountered during context initialization - cancelling refresh attempt: org.springframework.beans.factory.UnsatisfiedDependencyException: Error creating bean with name 'webSecurityConfig': Unsatisfied dependency expressed through field 'userDetailsService'; nested exception is org.springframework.beans.factory.UnsatisfiedDependencyException: Error creating bean with name 'myUserDetailsService': Unsatisfied dependency expressed through field 'userRepository'; nested exception is org.springframework.beans.factory.NoSuchBeanDefinitionException: No qualifying bean of type 'org.store.com.repo.UserRepository' available: expected at least 1 bean which qualifies as autowire candidate. Dependency annotations: {@org.springframework.beans.factory.annotation.Autowired(required=true)}
2020-12-17 10:57:05.141  INFO 16372 --- [main] ConditionEvaluationReportLoggingListener : 

Error starting ApplicationContext. To display the conditions report re-run your application with 'debug' enabled.
2020-12-17 10:57:05.183 ERROR 16372 --- [main] o.s.b.d.LoggingFailureAnalysisReporter   : 

***************************
APPLICATION FAILED TO START
***************************

Description:

Field userRepository in org.store.com.service.MyUserDetailsService required a bean of type 'org.store.com.repo.UserRepository' that could not be found.

The injection point has the following annotations:
	- @org.springframework.beans.factory.annotation.Autowired(required=true)


Action:

Consider defining a bean of type 'org.store.com.repo.UserRepository' in your configuration.

2020-12-17 10:57:05.193 ERROR 16372 --- [main] o.s.test.context.TestContextManager      : Caught exception while allowing TestExecutionListener [org.springframework.boot.test.mock.mockito.MockitoTestExecutionListener@282cb7c7] to prepare test instance [org.store.com.BookStorePurchaseApplicationTests@6436e181]

java.lang.IllegalStateException: Failed to load ApplicationContext
	at org.springframework.test.context.cache.DefaultCacheAwareContextLoaderDelegate.loadContext(DefaultCacheAwareContextLoaderDelegate.java:132) ~[spring-test-5.2.9.RELEASE.jar:5.2.9.RELEASE]
	at org.springframework.test.context.support.DefaultTestContext.getApplicationContext(DefaultTestContext.java:123) ~[spring-test-5.2.9.RELEASE.jar:5.2.9.RELEASE]
	at org.springframework.boot.test.mock.mockito.MockitoTestExecutionListener.postProcessFields(MockitoTestExecutionListener.java:95) ~[spring-boot-test-2.3.4.RELEASE.jar:2.3.4.RELEASE]
	at org.springframework.boot.test.mock.mockito.MockitoTestExecutionListener.injectFields(MockitoTestExecutionListener.java:79) ~[spring-boot-test-2.3.4.RELEASE.jar:2.3.4.RELEASE]
	at org.springframework.boot.test.mock.mockito.MockitoTestExecutionListener.prepareTestInstance(MockitoTestExecutionListener.java:54) ~[spring-boot-test-2.3.4.RELEASE.jar:2.3.4.RELEASE]
	at org.springframework.test.context.TestContextManager.prepareTestInstance(TestContextManager.java:244) ~[spring-test-5.2.9.RELEASE.jar:5.2.9.RELEASE]
	at org.springframework.test.context.junit.jupiter.SpringExtension.postProcessTestInstance(SpringExtension.java:98) ~[spring-test-5.2.9.RELEASE.jar:5.2.9.RELEASE]
	at org.junit.jupiter.engine.descriptor.ClassBasedTestDescriptor.lambda$invokeTestInstancePostProcessors$5(ClassBasedTestDescriptor.java:341) ~[junit-jupiter-engine-5.6.2.jar:5.6.2]
	at org.junit.jupiter.engine.descriptor.ClassBasedTestDescriptor.executeAndMaskThrowable(ClassBasedTestDescriptor.java:346) ~[junit-jupiter-engine-5.6.2.jar:5.6.2]
	at org.junit.jupiter.engine.descriptor.ClassBasedTestDescriptor.lambda$invokeTestInstancePostProcessors$6(ClassBasedTestDescriptor.java:341) ~[junit-jupiter-engine-5.6.2.jar:5.6.2]
	at java.base/java.util.stream.ReferencePipeline$3$1.accept(ReferencePipeline.java:195) ~[na:na]
	at java.base/java.util.stream.ReferencePipeline$2$1.accept(ReferencePipeline.java:177) ~[na:na]
	at java.base/java.util.ArrayList$ArrayListSpliterator.forEachRemaining(ArrayList.java:1625) ~[na:na]
	at java.base/java.util.stream.AbstractPipeline.copyInto(AbstractPipeline.java:484) ~[na:na]
	at java.base/java.util.stream.AbstractPipeline.wrapAndCopyInto(AbstractPipeline.java:474) ~[na:na]
	at java.base/java.util.stream.StreamSpliterators$WrappingSpliterator.forEachRemaining(StreamSpliterators.java:312) ~[na:na]
	at java.base/java.util.stream.Streams$ConcatSpliterator.forEachRemaining(Streams.java:735) ~[na:na]
	at java.base/java.util.stream.Streams$ConcatSpliterator.forEachRemaining(Streams.java:734) ~[na:na]
	at java.base/java.util.stream.ReferencePipeline$Head.forEach(ReferencePipeline.java:658) ~[na:na]
	at org.junit.jupiter.engine.descriptor.ClassBasedTestDescriptor.invokeTestInstancePostProcessors(ClassBasedTestDescriptor.java:340) ~[junit-jupiter-engine-5.6.2.jar:5.6.2]
	at org.junit.jupiter.engine.descriptor.ClassBasedTestDescriptor.instantiateAndPostProcessTestInstance(ClassBasedTestDescriptor.java:263) ~[junit-jupiter-engine-5.6.2.jar:5.6.2]
	at org.junit.jupiter.engine.descriptor.ClassBasedTestDescriptor.lambda$testInstancesProvider$2(ClassBasedTestDescriptor.java:256) ~[junit-jupiter-engine-5.6.2.jar:5.6.2]
	at java.base/java.util.Optional.orElseGet(Optional.java:362) ~[na:na]
	at org.junit.jupiter.engine.descriptor.ClassBasedTestDescriptor.lambda$testInstancesProvider$3(ClassBasedTestDescriptor.java:255) ~[junit-jupiter-engine-5.6.2.jar:5.6.2]
	at org.junit.jupiter.engine.execution.TestInstancesProvider.getTestInstances(TestInstancesProvider.java:29) ~[junit-jupiter-engine-5.6.2.jar:5.6.2]
	at org.junit.jupiter.engine.descriptor.TestMethodTestDescriptor.lambda$prepare$0(TestMethodTestDescriptor.java:108) ~[junit-jupiter-engine-5.6.2.jar:5.6.2]
	at org.junit.platform.engine.support.hierarchical.ThrowableCollector.execute(ThrowableCollector.java:73) ~[junit-platform-engine-1.6.2.jar:1.6.2]
	at org.junit.jupiter.engine.descriptor.TestMethodTestDescriptor.prepare(TestMethodTestDescriptor.java:107) ~[junit-jupiter-engine-5.6.2.jar:5.6.2]
	at org.junit.jupiter.engine.descriptor.TestMethodTestDescriptor.prepare(TestMethodTestDescriptor.java:71) ~[junit-jupiter-engine-5.6.2.jar:5.6.2]
	at org.junit.platform.engine.support.hierarchical.NodeTestTask.lambda$prepare$1(NodeTestTask.java:107) ~[junit-platform-engine-1.6.2.jar:1.6.2]
	at org.junit.platform.engine.support.hierarchical.ThrowableCollector.execute(ThrowableCollector.java:73) ~[junit-platform-engine-1.6.2.jar:1.6.2]
	at org.junit.platform.engine.support.hierarchical.NodeTestTask.prepare(NodeTestTask.java:107) ~[junit-platform-engine-1.6.2.jar:1.6.2]
	at org.junit.platform.engine.support.hierarchical.NodeTestTask.execute(NodeTestTask.java:75) ~[junit-platform-engine-1.6.2.jar:1.6.2]
	at java.base/java.util.ArrayList.forEach(ArrayList.java:1511) ~[na:na]
	at org.junit.platform.engine.support.hierarchical.SameThreadHierarchicalTestExecutorService.invokeAll(SameThreadHierarchicalTestExecutorService.java:38) ~[junit-platform-engine-1.6.2.jar:1.6.2]
	at org.junit.platform.engine.support.hierarchical.NodeTestTask.lambda$executeRecursively$5(NodeTestTask.java:139) ~[junit-platform-engine-1.6.2.jar:1.6.2]
	at org.junit.platform.engine.support.hierarchical.ThrowableCollector.execute(ThrowableCollector.java:73) ~[junit-platform-engine-1.6.2.jar:1.6.2]
	at org.junit.platform.engine.support.hierarchical.NodeTestTask.lambda$executeRecursively$7(NodeTestTask.java:125) ~[junit-platform-engine-1.6.2.jar:1.6.2]
	at org.junit.platform.engine.support.hierarchical.Node.around(Node.java:135) ~[junit-platform-engine-1.6.2.jar:1.6.2]
	at org.junit.platform.engine.support.hierarchical.NodeTestTask.lambda$executeRecursively$8(NodeTestTask.java:123) ~[junit-platform-engine-1.6.2.jar:1.6.2]
	at org.junit.platform.engine.support.hierarchical.ThrowableCollector.execute(ThrowableCollector.java:73) ~[junit-platform-engine-1.6.2.jar:1.6.2]
	at org.junit.platform.engine.support.hierarchical.NodeTestTask.executeRecursively(NodeTestTask.java:122) ~[junit-platform-engine-1.6.2.jar:1.6.2]
	at org.junit.platform.engine.support.hierarchical.NodeTestTask.execute(NodeTestTask.java:80) ~[junit-platform-engine-1.6.2.jar:1.6.2]
	at java.base/java.util.ArrayList.forEach(ArrayList.java:1511) ~[na:na]
	at org.junit.platform.engine.support.hierarchical.SameThreadHierarchicalTestExecutorService.invokeAll(SameThreadHierarchicalTestExecutorService.java:38) ~[junit-platform-engine-1.6.2.jar:1.6.2]
	at org.junit.platform.engine.support.hierarchical.NodeTestTask.lambda$executeRecursively$5(NodeTestTask.java:139) ~[junit-platform-engine-1.6.2.jar:1.6.2]
	at org.junit.platform.engine.support.hierarchical.ThrowableCollector.execute(ThrowableCollector.java:73) ~[junit-platform-engine-1.6.2.jar:1.6.2]
	at org.junit.platform.engine.support.hierarchical.NodeTestTask.lambda$executeRecursively$7(NodeTestTask.java:125) ~[junit-platform-engine-1.6.2.jar:1.6.2]
	at org.junit.platform.engine.support.hierarchical.Node.around(Node.java:135) ~[junit-platform-engine-1.6.2.jar:1.6.2]
	at org.junit.platform.engine.support.hierarchical.NodeTestTask.lambda$executeRecursively$8(NodeTestTask.java:123) ~[junit-platform-engine-1.6.2.jar:1.6.2]
	at org.junit.platform.engine.support.hierarchical.ThrowableCollector.execute(ThrowableCollector.java:73) ~[junit-platform-engine-1.6.2.jar:1.6.2]
	at org.junit.platform.engine.support.hierarchical.NodeTestTask.executeRecursively(NodeTestTask.java:122) ~[junit-platform-engine-1.6.2.jar:1.6.2]
	at org.junit.platform.engine.support.hierarchical.NodeTestTask.execute(NodeTestTask.java:80) ~[junit-platform-engine-1.6.2.jar:1.6.2]
	at org.junit.platform.engine.support.hierarchical.SameThreadHierarchicalTestExecutorService.submit(SameThreadHierarchicalTestExecutorService.java:32) ~[junit-platform-engine-1.6.2.jar:1.6.2]
	at org.junit.platform.engine.support.hierarchical.HierarchicalTestExecutor.execute(HierarchicalTestExecutor.java:57) ~[junit-platform-engine-1.6.2.jar:1.6.2]
	at org.junit.platform.engine.support.hierarchical.HierarchicalTestEngine.execute(HierarchicalTestEngine.java:51) ~[junit-platform-engine-1.6.2.jar:1.6.2]
	at org.junit.platform.launcher.core.DefaultLauncher.execute(DefaultLauncher.java:248) ~[junit-platform-launcher-1.6.2.jar:1.6.2]
	at org.junit.platform.launcher.core.DefaultLauncher.lambda$execute$5(DefaultLauncher.java:211) ~[junit-platform-launcher-1.6.2.jar:1.6.2]
	at org.junit.platform.launcher.core.DefaultLauncher.withInterceptedStreams(DefaultLauncher.java:226) ~[junit-platform-launcher-1.6.2.jar:1.6.2]
	at org.junit.platform.launcher.core.DefaultLauncher.execute(DefaultLauncher.java:199) ~[junit-platform-launcher-1.6.2.jar:1.6.2]
	at org.junit.platform.launcher.core.DefaultLauncher.execute(DefaultLauncher.java:141) ~[junit-platform-launcher-1.6.2.jar:1.6.2]
	at org.eclipse.jdt.internal.junit5.runner.JUnit5TestReference.run(JUnit5TestReference.java:98) ~[.cp/:na]
	at org.eclipse.jdt.internal.junit.runner.TestExecution.run(TestExecution.java:41) ~[.cp/:na]
	at org.eclipse.jdt.internal.junit.runner.RemoteTestRunner.runTests(RemoteTestRunner.java:542) ~[.cp/:na]
	at org.eclipse.jdt.internal.junit.runner.RemoteTestRunner.runTests(RemoteTestRunner.java:770) ~[.cp/:na]
	at org.eclipse.jdt.internal.junit.runner.RemoteTestRunner.run(RemoteTestRunner.java:464) ~[.cp/:na]
	at org.eclipse.jdt.internal.junit.runner.RemoteTestRunner.main(RemoteTestRunner.java:210) ~[.cp/:na]
Caused by: org.springframework.beans.factory.UnsatisfiedDependencyException: Error creating bean with name 'webSecurityConfig': Unsatisfied dependency expressed through field 'userDetailsService'; nested exception is org.springframework.beans.factory.UnsatisfiedDependencyException: Error creating bean with name 'myUserDetailsService': Unsatisfied dependency expressed through field 'userRepository'; nested exception is org.springframework.beans.factory.NoSuchBeanDefinitionException: No qualifying bean of type 'org.store.com.repo.UserRepository' available: expected at least 1 bean which qualifies as autowire candidate. Dependency annotations: {@org.springframework.beans.factory.annotation.Autowired(required=true)}
	at org.springframework.beans.factory.annotation.AutowiredAnnotationBeanPostProcessor$AutowiredFieldElement.inject(AutowiredAnnotationBeanPostProcessor.java:643) ~[spring-beans-5.2.9.RELEASE.jar:5.2.9.RELEASE]
	at org.springframework.beans.factory.annotation.InjectionMetadata.inject(InjectionMetadata.java:130) ~[spring-beans-5.2.9.RELEASE.jar:5.2.9.RELEASE]
	at org.springframework.beans.factory.annotation.AutowiredAnnotationBeanPostProcessor.postProcessProperties(AutowiredAnnotationBeanPostProcessor.java:399) ~[spring-beans-5.2.9.RELEASE.jar:5.2.9.RELEASE]
	at org.springframework.beans.factory.support.AbstractAutowireCapableBeanFactory.populateBean(AbstractAutowireCapableBeanFactory.java:1420) ~[spring-beans-5.2.9.RELEASE.jar:5.2.9.RELEASE]
	at org.springframework.beans.factory.support.AbstractAutowireCapableBeanFactory.doCreateBean(AbstractAutowireCapableBeanFactory.java:593) ~[spring-beans-5.2.9.RELEASE.jar:5.2.9.RELEASE]
	at org.springframework.beans.factory.support.AbstractAutowireCapableBeanFactory.createBean(AbstractAutowireCapableBeanFactory.java:516) ~[spring-beans-5.2.9.RELEASE.jar:5.2.9.RELEASE]
	at org.springframework.beans.factory.support.AbstractBeanFactory.lambda$doGetBean$0(AbstractBeanFactory.java:324) ~[spring-beans-5.2.9.RELEASE.jar:5.2.9.RELEASE]
	at org.springframework.beans.factory.support.DefaultSingletonBeanRegistry.getSingleton(DefaultSingletonBeanRegistry.java:234) ~[spring-beans-5.2.9.RELEASE.jar:5.2.9.RELEASE]
	at org.springframework.beans.factory.support.AbstractBeanFactory.doGetBean(AbstractBeanFactory.java:322) ~[spring-beans-5.2.9.RELEASE.jar:5.2.9.RELEASE]
	at org.springframework.beans.factory.support.AbstractBeanFactory.getBean(AbstractBeanFactory.java:202) ~[spring-beans-5.2.9.RELEASE.jar:5.2.9.RELEASE]
	at org.springframework.beans.factory.support.DefaultListableBeanFactory.preInstantiateSingletons(DefaultListableBeanFactory.java:897) ~[spring-beans-5.2.9.RELEASE.jar:5.2.9.RELEASE]
	at org.springframework.context.support.AbstractApplicationContext.finishBeanFactoryInitialization(AbstractApplicationContext.java:879) ~[spring-context-5.2.9.RELEASE.jar:5.2.9.RELEASE]
	at org.springframework.context.support.AbstractApplicationContext.refresh(AbstractApplicationContext.java:551) ~[spring-context-5.2.9.RELEASE.jar:5.2.9.RELEASE]
	at org.springframework.boot.SpringApplication.refresh(SpringApplication.java:758) ~[spring-boot-2.3.4.RELEASE.jar:2.3.4.RELEASE]
	at org.springframework.boot.SpringApplication.refresh(SpringApplication.java:750) ~[spring-boot-2.3.4.RELEASE.jar:2.3.4.RELEASE]
	at org.springframework.boot.SpringApplication.refreshContext(SpringApplication.java:397) ~[spring-boot-2.3.4.RELEASE.jar:2.3.4.RELEASE]
	at org.springframework.boot.SpringApplication.run(SpringApplication.java:315) ~[spring-boot-2.3.4.RELEASE.jar:2.3.4.RELEASE]
	at org.springframework.boot.test.context.SpringBootContextLoader.loadContext(SpringBootContextLoader.java:120) ~[spring-boot-test-2.3.4.RELEASE.jar:2.3.4.RELEASE]
	at org.springframework.test.context.cache.DefaultCacheAwareContextLoaderDelegate.loadContextInternal(DefaultCacheAwareContextLoaderDelegate.java:99) ~[spring-test-5.2.9.RELEASE.jar:5.2.9.RELEASE]
	at org.springframework.test.context.cache.DefaultCacheAwareContextLoaderDelegate.loadContext(DefaultCacheAwareContextLoaderDelegate.java:124) ~[spring-test-5.2.9.RELEASE.jar:5.2.9.RELEASE]
	... 66 common frames omitted
Caused by: org.springframework.beans.factory.UnsatisfiedDependencyException: Error creating bean with name 'myUserDetailsService': Unsatisfied dependency expressed through field 'userRepository'; nested exception is org.springframework.beans.factory.NoSuchBeanDefinitionException: No qualifying bean of type 'org.store.com.repo.UserRepository' available: expected at least 1 bean which qualifies as autowire candidate. Dependency annotations: {@org.springframework.beans.factory.annotation.Autowired(required=true)}
	at org.springframework.beans.factory.annotation.AutowiredAnnotationBeanPostProcessor$AutowiredFieldElement.inject(AutowiredAnnotationBeanPostProcessor.java:643) ~[spring-beans-5.2.9.RELEASE.jar:5.2.9.RELEASE]
	at org.springframework.beans.factory.annotation.InjectionMetadata.inject(InjectionMetadata.java:130) ~[spring-beans-5.2.9.RELEASE.jar:5.2.9.RELEASE]
	at org.springframework.beans.factory.annotation.AutowiredAnnotationBeanPostProcessor.postProcessProperties(AutowiredAnnotationBeanPostProcessor.java:399) ~[spring-beans-5.2.9.RELEASE.jar:5.2.9.RELEASE]
	at org.springframework.beans.factory.support.AbstractAutowireCapableBeanFactory.populateBean(AbstractAutowireCapableBeanFactory.java:1420) ~[spring-beans-5.2.9.RELEASE.jar:5.2.9.RELEASE]
	at org.springframework.beans.factory.support.AbstractAutowireCapableBeanFactory.doCreateBean(AbstractAutowireCapableBeanFactory.java:593) ~[spring-beans-5.2.9.RELEASE.jar:5.2.9.RELEASE]
	at org.springframework.beans.factory.support.AbstractAutowireCapableBeanFactory.createBean(AbstractAutowireCapableBeanFactory.java:516) ~[spring-beans-5.2.9.RELEASE.jar:5.2.9.RELEASE]
	at org.springframework.beans.factory.support.AbstractBeanFactory.lambda$doGetBean$0(AbstractBeanFactory.java:324) ~[spring-beans-5.2.9.RELEASE.jar:5.2.9.RELEASE]
	at org.springframework.beans.factory.support.DefaultSingletonBeanRegistry.getSingleton(DefaultSingletonBeanRegistry.java:234) ~[spring-beans-5.2.9.RELEASE.jar:5.2.9.RELEASE]
	at org.springframework.beans.factory.support.AbstractBeanFactory.doGetBean(AbstractBeanFactory.java:322) ~[spring-beans-5.2.9.RELEASE.jar:5.2.9.RELEASE]
	at org.springframework.beans.factory.support.AbstractBeanFactory.getBean(AbstractBeanFactory.java:202) ~[spring-beans-5.2.9.RELEASE.jar:5.2.9.RELEASE]
	at org.springframework.beans.factory.config.DependencyDescriptor.resolveCandidate(DependencyDescriptor.java:276) ~[spring-beans-5.2.9.RELEASE.jar:5.2.9.RELEASE]
	at org.springframework.beans.factory.support.DefaultListableBeanFactory.doResolveDependency(DefaultListableBeanFactory.java:1307) ~[spring-beans-5.2.9.RELEASE.jar:5.2.9.RELEASE]
	at org.springframework.beans.factory.support.DefaultListableBeanFactory.resolveDependency(DefaultListableBeanFactory.java:1227) ~[spring-beans-5.2.9.RELEASE.jar:5.2.9.RELEASE]
	at org.springframework.beans.factory.annotation.AutowiredAnnotationBeanPostProcessor$AutowiredFieldElement.inject(AutowiredAnnotationBeanPostProcessor.java:640) ~[spring-beans-5.2.9.RELEASE.jar:5.2.9.RELEASE]
	... 85 common frames omitted
Caused by: org.springframework.beans.factory.NoSuchBeanDefinitionException: No qualifying bean of type 'org.store.com.repo.UserRepository' available: expected at least 1 bean which qualifies as autowire candidate. Dependency annotations: {@org.springframework.beans.factory.annotation.Autowired(required=true)}
	at org.springframework.beans.factory.support.DefaultListableBeanFactory.raiseNoMatchingBeanFound(DefaultListableBeanFactory.java:1717) ~[spring-beans-5.2.9.RELEASE.jar:5.2.9.RELEASE]
	at org.springframework.beans.factory.support.DefaultListableBeanFactory.doResolveDependency(DefaultListableBeanFactory.java:1273) ~[spring-beans-5.2.9.RELEASE.jar:5.2.9.RELEASE]
	at org.springframework.beans.factory.support.DefaultListableBeanFactory.resolveDependency(DefaultListableBeanFactory.java:1227) ~[spring-beans-5.2.9.RELEASE.jar:5.2.9.RELEASE]
	at org.springframework.beans.factory.annotation.AutowiredAnnotationBeanPostProcessor$AutowiredFieldElement.inject(AutowiredAnnotationBeanPostProcessor.java:640) ~[spring-beans-5.2.9.RELEASE.jar:5.2.9.RELEASE]
	... 98 common frames omitted

2020-12-17 10:57:59.448  INFO 15136 --- [main] o.s.c.BookStorePurchaseApplicationTests  : Starting BookStorePurchaseApplicationTests on ADMINRG-TPPR4UK with PID 15136 (started by Admin in F:\LibraryManagementProject\BookStorePurchase)
2020-12-17 10:57:59.452  INFO 15136 --- [main] o.s.c.BookStorePurchaseApplicationTests  : No active profile set, falling back to default profiles: default
2020-12-17 10:57:59.475 DEBUG 15136 --- [main] o.s.w.c.s.GenericWebApplicationContext   : Refreshing org.springframework.web.context.support.GenericWebApplicationContext@37ebc9d8
2020-12-17 10:58:01.213  INFO 15136 --- [main] trationDelegate$BeanPostProcessorChecker : Bean 'org.springframework.security.access.expression.method.DefaultMethodSecurityExpressionHandler@4116f66a' of type [org.springframework.security.access.expression.method.DefaultMethodSecurityExpressionHandler] is not eligible for getting processed by all BeanPostProcessors (for example: not eligible for auto-proxying)
2020-12-17 10:58:01.234  INFO 15136 --- [main] trationDelegate$BeanPostProcessorChecker : Bean 'methodSecurityMetadataSource' of type [org.springframework.security.access.method.DelegatingMethodSecurityMetadataSource] is not eligible for getting processed by all BeanPostProcessors (for example: not eligible for auto-proxying)
2020-12-17 10:58:02.535  INFO 15136 --- [main] o.s.s.web.DefaultSecurityFilterChain     : Creating filter chain: any request, [org.springframework.security.web.context.request.async.WebAsyncManagerIntegrationFilter@1f71194d, org.springframework.security.web.context.SecurityContextPersistenceFilter@22825e1e, org.springframework.security.web.header.HeaderWriterFilter@76f2dad9, org.springframework.security.web.authentication.logout.LogoutFilter@477021ee, org.store.com.jwt.JwtUserNameAndPasswordAuthennticationFilter@db99785, org.store.com.jwt.JwtTokenVerify@70716259, org.springframework.security.web.savedrequest.RequestCacheAwareFilter@1d6751e3, org.springframework.security.web.servletapi.SecurityContextHolderAwareRequestFilter@740fefc6, org.springframework.security.web.authentication.AnonymousAuthenticationFilter@7a083b96, org.springframework.security.web.session.SessionManagementFilter@4cdba2ed, org.springframework.security.web.access.ExceptionTranslationFilter@794f11cd, org.springframework.security.web.access.intercept.FilterSecurityInterceptor@415d88de]
2020-12-17 10:58:03.677  INFO 15136 --- [main] o.s.s.concurrent.ThreadPoolTaskExecutor  : Initializing ExecutorService 'applicationTaskExecutor'
2020-12-17 10:58:03.730 DEBUG 15136 --- [main] s.w.s.m.m.a.RequestMappingHandlerAdapter : ControllerAdvice beans: 0 @ModelAttribute, 0 @InitBinder, 1 RequestBodyAdvice, 1 ResponseBodyAdvice
2020-12-17 10:58:03.989 DEBUG 15136 --- [main] s.w.s.m.m.a.RequestMappingHandlerMapping : 19 mappings in 'requestMappingHandlerMapping'
2020-12-17 10:58:04.121 DEBUG 15136 --- [main] o.s.w.s.handler.SimpleUrlHandlerMapping  : Patterns [/webjars/**, /**] in 'resourceHandlerMapping'
2020-12-17 10:58:04.146 DEBUG 15136 --- [main] .m.m.a.ExceptionHandlerExceptionResolver : ControllerAdvice beans: 1 @ExceptionHandler, 1 ResponseBodyAdvice
2020-12-17 10:58:04.543  INFO 15136 --- [main] o.s.b.t.m.w.SpringBootMockServletContext : Initializing Spring TestDispatcherServlet ''
2020-12-17 10:58:04.544  INFO 15136 --- [main] o.s.t.web.servlet.TestDispatcherServlet  : Initializing Servlet ''
2020-12-17 10:58:04.563  INFO 15136 --- [main] o.s.t.web.servlet.TestDispatcherServlet  : Completed initialization in 19 ms
2020-12-17 10:58:04.624  INFO 15136 --- [main] o.s.c.BookStorePurchaseApplicationTests  : Started BookStorePurchaseApplicationTests in 5.668 seconds (JVM running for 7.235)
2020-12-17 10:58:04.936 DEBUG 15136 --- [SpringContextShutdownHook] o.s.w.c.s.GenericWebApplicationContext   : Closing org.springframework.web.context.support.GenericWebApplicationContext@37ebc9d8, started on Thu Dec 17 10:57:59 IST 2020
2020-12-17 10:58:04.949  INFO 15136 --- [SpringContextShutdownHook] o.s.s.concurrent.ThreadPoolTaskExecutor  : Shutting down ExecutorService 'applicationTaskExecutor'
2020-12-17 11:57:20.405  WARN 12292 --- [HikariPool-1 housekeeper] com.zaxxer.hikari.pool.HikariPool        : HikariPool-1 - Thread starvation or clock leap detected (housekeeper delta=29m1s326ms542µs400ns).
2020-12-17 11:57:42.899  INFO 15300 --- [main] o.s.c.BookStorePurchaseApplicationTests  : Starting BookStorePurchaseApplicationTests on ADMINRG-TPPR4UK with PID 15300 (started by Admin in F:\LibraryManagementProject\BookStorePurchase)
2020-12-17 11:57:42.903  INFO 15300 --- [main] o.s.c.BookStorePurchaseApplicationTests  : No active profile set, falling back to default profiles: default
2020-12-17 11:57:42.926 DEBUG 15300 --- [main] o.s.w.c.s.GenericWebApplicationContext   : Refreshing org.springframework.web.context.support.GenericWebApplicationContext@8a589a2
2020-12-17 11:57:44.665  INFO 15300 --- [main] trationDelegate$BeanPostProcessorChecker : Bean 'org.springframework.security.access.expression.method.DefaultMethodSecurityExpressionHandler@64da6cbd' of type [org.springframework.security.access.expression.method.DefaultMethodSecurityExpressionHandler] is not eligible for getting processed by all BeanPostProcessors (for example: not eligible for auto-proxying)
2020-12-17 11:57:44.687  INFO 15300 --- [main] trationDelegate$BeanPostProcessorChecker : Bean 'methodSecurityMetadataSource' of type [org.springframework.security.access.method.DelegatingMethodSecurityMetadataSource] is not eligible for getting processed by all BeanPostProcessors (for example: not eligible for auto-proxying)
2020-12-17 11:57:45.293  INFO 15300 --- [main] o.s.s.web.DefaultSecurityFilterChain     : Creating filter chain: any request, [org.springframework.security.web.context.request.async.WebAsyncManagerIntegrationFilter@172f4514, org.springframework.security.web.context.SecurityContextPersistenceFilter@59845579, org.springframework.security.web.header.HeaderWriterFilter@4ea56bdb, org.springframework.security.web.authentication.logout.LogoutFilter@5f726750, org.store.com.jwt.JwtUserNameAndPasswordAuthennticationFilter@7df6d663, org.store.com.jwt.JwtTokenVerify@13d019a4, org.springframework.security.web.savedrequest.RequestCacheAwareFilter@ab2e6d2, org.springframework.security.web.servletapi.SecurityContextHolderAwareRequestFilter@5934ca1e, org.springframework.security.web.authentication.AnonymousAuthenticationFilter@2c30c81d, org.springframework.security.web.session.SessionManagementFilter@79a201cf, org.springframework.security.web.access.ExceptionTranslationFilter@740fefc6, org.springframework.security.web.access.intercept.FilterSecurityInterceptor@11d4d979]
2020-12-17 11:57:45.763  INFO 15300 --- [main] o.s.s.concurrent.ThreadPoolTaskExecutor  : Initializing ExecutorService 'applicationTaskExecutor'
2020-12-17 11:57:45.789 DEBUG 15300 --- [main] s.w.s.m.m.a.RequestMappingHandlerAdapter : ControllerAdvice beans: 0 @ModelAttribute, 0 @InitBinder, 1 RequestBodyAdvice, 1 ResponseBodyAdvice
2020-12-17 11:57:45.935 DEBUG 15300 --- [main] s.w.s.m.m.a.RequestMappingHandlerMapping : 19 mappings in 'requestMappingHandlerMapping'
2020-12-17 11:57:46.016 DEBUG 15300 --- [main] o.s.w.s.handler.SimpleUrlHandlerMapping  : Patterns [/webjars/**, /**] in 'resourceHandlerMapping'
2020-12-17 11:57:46.036 DEBUG 15300 --- [main] .m.m.a.ExceptionHandlerExceptionResolver : ControllerAdvice beans: 1 @ExceptionHandler, 1 ResponseBodyAdvice
2020-12-17 11:57:46.243  INFO 15300 --- [main] o.s.b.t.m.w.SpringBootMockServletContext : Initializing Spring TestDispatcherServlet ''
2020-12-17 11:57:46.243  INFO 15300 --- [main] o.s.t.web.servlet.TestDispatcherServlet  : Initializing Servlet ''
2020-12-17 11:57:46.259  INFO 15300 --- [main] o.s.t.web.servlet.TestDispatcherServlet  : Completed initialization in 15 ms
2020-12-17 11:57:46.303  INFO 15300 --- [main] o.s.c.BookStorePurchaseApplicationTests  : Started BookStorePurchaseApplicationTests in 3.91 seconds (JVM running for 6.105)
2020-12-17 11:57:46.490 DEBUG 15300 --- [SpringContextShutdownHook] o.s.w.c.s.GenericWebApplicationContext   : Closing org.springframework.web.context.support.GenericWebApplicationContext@8a589a2, started on Thu Dec 17 11:57:42 IST 2020
2020-12-17 11:57:46.497  INFO 15300 --- [SpringContextShutdownHook] o.s.s.concurrent.ThreadPoolTaskExecutor  : Shutting down ExecutorService 'applicationTaskExecutor'
2020-12-17 12:01:02.751  INFO 11652 --- [main] o.s.c.BookStorePurchaseApplicationTests  : Starting BookStorePurchaseApplicationTests on ADMINRG-TPPR4UK with PID 11652 (started by Admin in F:\LibraryManagementProject\BookStorePurchase)
2020-12-17 12:01:02.757  INFO 11652 --- [main] o.s.c.BookStorePurchaseApplicationTests  : No active profile set, falling back to default profiles: default
2020-12-17 12:01:02.782 DEBUG 11652 --- [main] o.s.w.c.s.GenericWebApplicationContext   : Refreshing org.springframework.web.context.support.GenericWebApplicationContext@8a589a2
2020-12-17 12:01:04.404  INFO 11652 --- [main] trationDelegate$BeanPostProcessorChecker : Bean 'org.springframework.security.access.expression.method.DefaultMethodSecurityExpressionHandler@64da6cbd' of type [org.springframework.security.access.expression.method.DefaultMethodSecurityExpressionHandler] is not eligible for getting processed by all BeanPostProcessors (for example: not eligible for auto-proxying)
2020-12-17 12:01:04.424  INFO 11652 --- [main] trationDelegate$BeanPostProcessorChecker : Bean 'methodSecurityMetadataSource' of type [org.springframework.security.access.method.DelegatingMethodSecurityMetadataSource] is not eligible for getting processed by all BeanPostProcessors (for example: not eligible for auto-proxying)
2020-12-17 12:01:05.010  INFO 11652 --- [main] o.s.s.web.DefaultSecurityFilterChain     : Creating filter chain: any request, [org.springframework.security.web.context.request.async.WebAsyncManagerIntegrationFilter@172f4514, org.springframework.security.web.context.SecurityContextPersistenceFilter@59845579, org.springframework.security.web.header.HeaderWriterFilter@4ea56bdb, org.springframework.security.web.authentication.logout.LogoutFilter@5f726750, org.store.com.jwt.JwtUserNameAndPasswordAuthennticationFilter@7df6d663, org.store.com.jwt.JwtTokenVerify@13d019a4, org.springframework.security.web.savedrequest.RequestCacheAwareFilter@ab2e6d2, org.springframework.security.web.servletapi.SecurityContextHolderAwareRequestFilter@5934ca1e, org.springframework.security.web.authentication.AnonymousAuthenticationFilter@2c30c81d, org.springframework.security.web.session.SessionManagementFilter@79a201cf, org.springframework.security.web.access.ExceptionTranslationFilter@740fefc6, org.springframework.security.web.access.intercept.FilterSecurityInterceptor@11d4d979]
2020-12-17 12:01:05.430  INFO 11652 --- [main] o.s.s.concurrent.ThreadPoolTaskExecutor  : Initializing ExecutorService 'applicationTaskExecutor'
2020-12-17 12:01:05.464 DEBUG 11652 --- [main] s.w.s.m.m.a.RequestMappingHandlerAdapter : ControllerAdvice beans: 0 @ModelAttribute, 0 @InitBinder, 1 RequestBodyAdvice, 1 ResponseBodyAdvice
2020-12-17 12:01:05.597 DEBUG 11652 --- [main] s.w.s.m.m.a.RequestMappingHandlerMapping : 19 mappings in 'requestMappingHandlerMapping'
2020-12-17 12:01:05.689 DEBUG 11652 --- [main] o.s.w.s.handler.SimpleUrlHandlerMapping  : Patterns [/webjars/**, /**] in 'resourceHandlerMapping'
2020-12-17 12:01:05.714 DEBUG 11652 --- [main] .m.m.a.ExceptionHandlerExceptionResolver : ControllerAdvice beans: 1 @ExceptionHandler, 1 ResponseBodyAdvice
2020-12-17 12:01:05.884  INFO 11652 --- [main] o.s.b.t.m.w.SpringBootMockServletContext : Initializing Spring TestDispatcherServlet ''
2020-12-17 12:01:05.885  INFO 11652 --- [main] o.s.t.web.servlet.TestDispatcherServlet  : Initializing Servlet ''
2020-12-17 12:01:05.902  INFO 11652 --- [main] o.s.t.web.servlet.TestDispatcherServlet  : Completed initialization in 17 ms
2020-12-17 12:01:05.963  INFO 11652 --- [main] o.s.c.BookStorePurchaseApplicationTests  : Started BookStorePurchaseApplicationTests in 3.662 seconds (JVM running for 5.088)
2020-12-17 12:01:06.222 DEBUG 11652 --- [main] s.w.s.m.m.a.RequestMappingHandlerMapping : Mapped to org.store.com.controller.UserController#createRoleAdmin(UserRequestDto)
2020-12-17 12:01:06.350 DEBUG 11652 --- [main] m.m.a.RequestResponseBodyMethodProcessor : Read "application/json" to [UserRequestDto [id=, userName=user1, email=user@1, password=userpass]]
2020-12-17 12:01:06.363  INFO 11652 --- [main] org.store.com.controller.UserController  : createRoleAdmin Controller createRoleAdmin Start() 
2020-12-17 12:01:06.367  INFO 11652 --- [main] org.store.com.controller.UserController  : createRoleAdmin Controller End() 
2020-12-17 12:01:06.377 DEBUG 11652 --- [main] o.s.w.s.m.m.a.HttpEntityMethodProcessor  : Using 'application/json', given [application/json] and supported [application/json, application/*+json, application/json, application/*+json]
2020-12-17 12:01:06.378 DEBUG 11652 --- [main] o.s.w.s.m.m.a.HttpEntityMethodProcessor  : Writing [UserResponseDto [id=null, name=user1, email=user@gmail, password=null]]
2020-12-17 12:01:06.389  WARN 11652 --- [main] .w.s.m.s.DefaultHandlerExceptionResolver : Resolved [org.springframework.http.converter.HttpMessageNotWritableException: Could not write JSON: Cannot invoke "java.lang.Long.longValue()" because "this.id" is null; nested exception is com.fasterxml.jackson.databind.JsonMappingException: Cannot invoke "java.lang.Long.longValue()" because "this.id" is null (through reference chain: org.store.com.ResponseDto.UserResponseDto["id"])]
2020-12-17 12:01:06.616 DEBUG 11652 --- [SpringContextShutdownHook] o.s.w.c.s.GenericWebApplicationContext   : Closing org.springframework.web.context.support.GenericWebApplicationContext@8a589a2, started on Thu Dec 17 12:01:02 IST 2020
2020-12-17 12:01:06.625  INFO 11652 --- [SpringContextShutdownHook] o.s.s.concurrent.ThreadPoolTaskExecutor  : Shutting down ExecutorService 'applicationTaskExecutor'
2020-12-17 12:14:38.306  INFO 12760 --- [main] o.s.c.BookStorePurchaseApplicationTests  : Starting BookStorePurchaseApplicationTests on ADMINRG-TPPR4UK with PID 12760 (started by Admin in F:\LibraryManagementProject\BookStorePurchase)
2020-12-17 12:14:38.310  INFO 12760 --- [main] o.s.c.BookStorePurchaseApplicationTests  : No active profile set, falling back to default profiles: default
2020-12-17 12:14:38.339 DEBUG 12760 --- [main] o.s.w.c.s.GenericWebApplicationContext   : Refreshing org.springframework.web.context.support.GenericWebApplicationContext@8a589a2
2020-12-17 12:14:39.992  INFO 12760 --- [main] trationDelegate$BeanPostProcessorChecker : Bean 'org.springframework.security.access.expression.method.DefaultMethodSecurityExpressionHandler@318c68d5' of type [org.springframework.security.access.expression.method.DefaultMethodSecurityExpressionHandler] is not eligible for getting processed by all BeanPostProcessors (for example: not eligible for auto-proxying)
2020-12-17 12:14:40.011  INFO 12760 --- [main] trationDelegate$BeanPostProcessorChecker : Bean 'methodSecurityMetadataSource' of type [org.springframework.security.access.method.DelegatingMethodSecurityMetadataSource] is not eligible for getting processed by all BeanPostProcessors (for example: not eligible for auto-proxying)
2020-12-17 12:14:40.580  INFO 12760 --- [main] o.s.s.web.DefaultSecurityFilterChain     : Creating filter chain: any request, [org.springframework.security.web.context.request.async.WebAsyncManagerIntegrationFilter@236ae13d, org.springframework.security.web.context.SecurityContextPersistenceFilter@1c30cb85, org.springframework.security.web.header.HeaderWriterFilter@2b6c7012, org.springframework.security.web.authentication.logout.LogoutFilter@188a5fc2, org.store.com.jwt.JwtUserNameAndPasswordAuthennticationFilter@193eb1ba, org.store.com.jwt.JwtTokenVerify@2be818da, org.springframework.security.web.savedrequest.RequestCacheAwareFilter@7634f2b, org.springframework.security.web.servletapi.SecurityContextHolderAwareRequestFilter@4d98e41b, org.springframework.security.web.authentication.AnonymousAuthenticationFilter@46320c9a, org.springframework.security.web.session.SessionManagementFilter@4e80a001, org.springframework.security.web.access.ExceptionTranslationFilter@40bf4386, org.springframework.security.web.access.intercept.FilterSecurityInterceptor@5f9f3e58]
2020-12-17 12:14:40.997  INFO 12760 --- [main] o.s.s.concurrent.ThreadPoolTaskExecutor  : Initializing ExecutorService 'applicationTaskExecutor'
2020-12-17 12:14:41.026 DEBUG 12760 --- [main] s.w.s.m.m.a.RequestMappingHandlerAdapter : ControllerAdvice beans: 0 @ModelAttribute, 0 @InitBinder, 1 RequestBodyAdvice, 1 ResponseBodyAdvice
2020-12-17 12:14:41.169 DEBUG 12760 --- [main] s.w.s.m.m.a.RequestMappingHandlerMapping : 19 mappings in 'requestMappingHandlerMapping'
2020-12-17 12:14:41.268 DEBUG 12760 --- [main] o.s.w.s.handler.SimpleUrlHandlerMapping  : Patterns [/webjars/**, /**] in 'resourceHandlerMapping'
2020-12-17 12:14:41.292 DEBUG 12760 --- [main] .m.m.a.ExceptionHandlerExceptionResolver : ControllerAdvice beans: 1 @ExceptionHandler, 1 ResponseBodyAdvice
2020-12-17 12:14:41.453  INFO 12760 --- [main] o.s.b.t.m.w.SpringBootMockServletContext : Initializing Spring TestDispatcherServlet ''
2020-12-17 12:14:41.453  INFO 12760 --- [main] o.s.t.web.servlet.TestDispatcherServlet  : Initializing Servlet ''
2020-12-17 12:14:41.471  INFO 12760 --- [main] o.s.t.web.servlet.TestDispatcherServlet  : Completed initialization in 18 ms
2020-12-17 12:14:41.571  INFO 12760 --- [main] o.s.c.BookStorePurchaseApplicationTests  : Started BookStorePurchaseApplicationTests in 3.776 seconds (JVM running for 5.198)
2020-12-17 12:14:41.738 DEBUG 12760 --- [SpringContextShutdownHook] o.s.w.c.s.GenericWebApplicationContext   : Closing org.springframework.web.context.support.GenericWebApplicationContext@8a589a2, started on Thu Dec 17 12:14:38 IST 2020
2020-12-17 12:14:41.748  INFO 12760 --- [SpringContextShutdownHook] o.s.s.concurrent.ThreadPoolTaskExecutor  : Shutting down ExecutorService 'applicationTaskExecutor'
2020-12-17 12:15:20.529  INFO 3496 --- [main] o.s.c.BookStorePurchaseApplicationTests  : Starting BookStorePurchaseApplicationTests on ADMINRG-TPPR4UK with PID 3496 (started by Admin in F:\LibraryManagementProject\BookStorePurchase)
2020-12-17 12:15:20.533  INFO 3496 --- [main] o.s.c.BookStorePurchaseApplicationTests  : No active profile set, falling back to default profiles: default
2020-12-17 12:15:20.556 DEBUG 3496 --- [main] o.s.w.c.s.GenericWebApplicationContext   : Refreshing org.springframework.web.context.support.GenericWebApplicationContext@72e34f77
2020-12-17 12:15:22.179  INFO 3496 --- [main] trationDelegate$BeanPostProcessorChecker : Bean 'org.springframework.security.access.expression.method.DefaultMethodSecurityExpressionHandler@c889805' of type [org.springframework.security.access.expression.method.DefaultMethodSecurityExpressionHandler] is not eligible for getting processed by all BeanPostProcessors (for example: not eligible for auto-proxying)
2020-12-17 12:15:22.199  INFO 3496 --- [main] trationDelegate$BeanPostProcessorChecker : Bean 'methodSecurityMetadataSource' of type [org.springframework.security.access.method.DelegatingMethodSecurityMetadataSource] is not eligible for getting processed by all BeanPostProcessors (for example: not eligible for auto-proxying)
2020-12-17 12:15:22.758  INFO 3496 --- [main] o.s.s.web.DefaultSecurityFilterChain     : Creating filter chain: any request, [org.springframework.security.web.context.request.async.WebAsyncManagerIntegrationFilter@34330f77, org.springframework.security.web.context.SecurityContextPersistenceFilter@49cd946c, org.springframework.security.web.header.HeaderWriterFilter@27585351, org.springframework.security.web.authentication.logout.LogoutFilter@149c39b, org.store.com.jwt.JwtUserNameAndPasswordAuthennticationFilter@1320e68a, org.store.com.jwt.JwtTokenVerify@4b033eac, org.springframework.security.web.savedrequest.RequestCacheAwareFilter@51c65a43, org.springframework.security.web.servletapi.SecurityContextHolderAwareRequestFilter@624b523, org.springframework.security.web.authentication.AnonymousAuthenticationFilter@69c532af, org.springframework.security.web.session.SessionManagementFilter@29d405e6, org.springframework.security.web.access.ExceptionTranslationFilter@5e9bbd9d, org.springframework.security.web.access.intercept.FilterSecurityInterceptor@50fdf44f]
2020-12-17 12:15:23.187  INFO 3496 --- [main] o.s.s.concurrent.ThreadPoolTaskExecutor  : Initializing ExecutorService 'applicationTaskExecutor'
2020-12-17 12:15:23.232 DEBUG 3496 --- [main] s.w.s.m.m.a.RequestMappingHandlerAdapter : ControllerAdvice beans: 0 @ModelAttribute, 0 @InitBinder, 1 RequestBodyAdvice, 1 ResponseBodyAdvice
2020-12-17 12:15:23.400 DEBUG 3496 --- [main] s.w.s.m.m.a.RequestMappingHandlerMapping : 19 mappings in 'requestMappingHandlerMapping'
2020-12-17 12:15:23.504 DEBUG 3496 --- [main] o.s.w.s.handler.SimpleUrlHandlerMapping  : Patterns [/webjars/**, /**] in 'resourceHandlerMapping'
2020-12-17 12:15:23.528 DEBUG 3496 --- [main] .m.m.a.ExceptionHandlerExceptionResolver : ControllerAdvice beans: 1 @ExceptionHandler, 1 ResponseBodyAdvice
2020-12-17 12:15:23.716  INFO 3496 --- [main] o.s.b.t.m.w.SpringBootMockServletContext : Initializing Spring TestDispatcherServlet ''
2020-12-17 12:15:23.717  INFO 3496 --- [main] o.s.t.web.servlet.TestDispatcherServlet  : Initializing Servlet ''
2020-12-17 12:15:23.738  INFO 3496 --- [main] o.s.t.web.servlet.TestDispatcherServlet  : Completed initialization in 21 ms
2020-12-17 12:15:23.801  INFO 3496 --- [main] o.s.c.BookStorePurchaseApplicationTests  : Started BookStorePurchaseApplicationTests in 3.74 seconds (JVM running for 5.161)
2020-12-17 12:15:23.969 DEBUG 3496 --- [SpringContextShutdownHook] o.s.w.c.s.GenericWebApplicationContext   : Closing org.springframework.web.context.support.GenericWebApplicationContext@72e34f77, started on Thu Dec 17 12:15:20 IST 2020
2020-12-17 12:15:23.973  INFO 3496 --- [SpringContextShutdownHook] o.s.s.concurrent.ThreadPoolTaskExecutor  : Shutting down ExecutorService 'applicationTaskExecutor'
2020-12-17 12:17:57.938  INFO 3608 --- [main] o.s.c.BookStorePurchaseApplicationTests  : Starting BookStorePurchaseApplicationTests on ADMINRG-TPPR4UK with PID 3608 (started by Admin in F:\LibraryManagementProject\BookStorePurchase)
2020-12-17 12:17:57.942  INFO 3608 --- [main] o.s.c.BookStorePurchaseApplicationTests  : No active profile set, falling back to default profiles: default
2020-12-17 12:17:57.964 DEBUG 3608 --- [main] o.s.w.c.s.GenericWebApplicationContext   : Refreshing org.springframework.web.context.support.GenericWebApplicationContext@8a589a2
2020-12-17 12:17:59.605  INFO 3608 --- [main] trationDelegate$BeanPostProcessorChecker : Bean 'org.springframework.security.access.expression.method.DefaultMethodSecurityExpressionHandler@318c68d5' of type [org.springframework.security.access.expression.method.DefaultMethodSecurityExpressionHandler] is not eligible for getting processed by all BeanPostProcessors (for example: not eligible for auto-proxying)
2020-12-17 12:17:59.623  INFO 3608 --- [main] trationDelegate$BeanPostProcessorChecker : Bean 'methodSecurityMetadataSource' of type [org.springframework.security.access.method.DelegatingMethodSecurityMetadataSource] is not eligible for getting processed by all BeanPostProcessors (for example: not eligible for auto-proxying)
2020-12-17 12:18:00.235  INFO 3608 --- [main] o.s.s.web.DefaultSecurityFilterChain     : Creating filter chain: any request, [org.springframework.security.web.context.request.async.WebAsyncManagerIntegrationFilter@236ae13d, org.springframework.security.web.context.SecurityContextPersistenceFilter@1c30cb85, org.springframework.security.web.header.HeaderWriterFilter@2b6c7012, org.springframework.security.web.authentication.logout.LogoutFilter@188a5fc2, org.store.com.jwt.JwtUserNameAndPasswordAuthennticationFilter@193eb1ba, org.store.com.jwt.JwtTokenVerify@2be818da, org.springframework.security.web.savedrequest.RequestCacheAwareFilter@7634f2b, org.springframework.security.web.servletapi.SecurityContextHolderAwareRequestFilter@4d98e41b, org.springframework.security.web.authentication.AnonymousAuthenticationFilter@46320c9a, org.springframework.security.web.session.SessionManagementFilter@4e80a001, org.springframework.security.web.access.ExceptionTranslationFilter@40bf4386, org.springframework.security.web.access.intercept.FilterSecurityInterceptor@5f9f3e58]
2020-12-17 12:18:00.656  INFO 3608 --- [main] o.s.s.concurrent.ThreadPoolTaskExecutor  : Initializing ExecutorService 'applicationTaskExecutor'
2020-12-17 12:18:00.686 DEBUG 3608 --- [main] s.w.s.m.m.a.RequestMappingHandlerAdapter : ControllerAdvice beans: 0 @ModelAttribute, 0 @InitBinder, 1 RequestBodyAdvice, 1 ResponseBodyAdvice
2020-12-17 12:18:00.829 DEBUG 3608 --- [main] s.w.s.m.m.a.RequestMappingHandlerMapping : 19 mappings in 'requestMappingHandlerMapping'
2020-12-17 12:18:00.928 DEBUG 3608 --- [main] o.s.w.s.handler.SimpleUrlHandlerMapping  : Patterns [/webjars/**, /**] in 'resourceHandlerMapping'
2020-12-17 12:18:00.953 DEBUG 3608 --- [main] .m.m.a.ExceptionHandlerExceptionResolver : ControllerAdvice beans: 1 @ExceptionHandler, 1 ResponseBodyAdvice
2020-12-17 12:18:01.142  INFO 3608 --- [main] o.s.b.t.m.w.SpringBootMockServletContext : Initializing Spring TestDispatcherServlet ''
2020-12-17 12:18:01.143  INFO 3608 --- [main] o.s.t.web.servlet.TestDispatcherServlet  : Initializing Servlet ''
2020-12-17 12:18:01.160  INFO 3608 --- [main] o.s.t.web.servlet.TestDispatcherServlet  : Completed initialization in 17 ms
2020-12-17 12:18:01.226  INFO 3608 --- [main] o.s.c.BookStorePurchaseApplicationTests  : Started BookStorePurchaseApplicationTests in 3.752 seconds (JVM running for 5.203)
2020-12-17 12:18:01.395 DEBUG 3608 --- [SpringContextShutdownHook] o.s.w.c.s.GenericWebApplicationContext   : Closing org.springframework.web.context.support.GenericWebApplicationContext@8a589a2, started on Thu Dec 17 12:17:57 IST 2020
2020-12-17 12:18:01.401  INFO 3608 --- [SpringContextShutdownHook] o.s.s.concurrent.ThreadPoolTaskExecutor  : Shutting down ExecutorService 'applicationTaskExecutor'
2020-12-17 12:21:39.879  INFO 10492 --- [main] o.s.c.BookStorePurchaseApplicationTests  : Starting BookStorePurchaseApplicationTests on ADMINRG-TPPR4UK with PID 10492 (started by Admin in F:\LibraryManagementProject\BookStorePurchase)
2020-12-17 12:21:39.886  INFO 10492 --- [main] o.s.c.BookStorePurchaseApplicationTests  : No active profile set, falling back to default profiles: default
2020-12-17 12:21:39.920 DEBUG 10492 --- [main] o.s.w.c.s.GenericWebApplicationContext   : Refreshing org.springframework.web.context.support.GenericWebApplicationContext@8a589a2
2020-12-17 12:21:41.589  INFO 10492 --- [main] trationDelegate$BeanPostProcessorChecker : Bean 'org.springframework.security.access.expression.method.DefaultMethodSecurityExpressionHandler@63f855b' of type [org.springframework.security.access.expression.method.DefaultMethodSecurityExpressionHandler] is not eligible for getting processed by all BeanPostProcessors (for example: not eligible for auto-proxying)
2020-12-17 12:21:41.609  INFO 10492 --- [main] trationDelegate$BeanPostProcessorChecker : Bean 'methodSecurityMetadataSource' of type [org.springframework.security.access.method.DelegatingMethodSecurityMetadataSource] is not eligible for getting processed by all BeanPostProcessors (for example: not eligible for auto-proxying)
2020-12-17 12:21:42.207  INFO 10492 --- [main] o.s.s.web.DefaultSecurityFilterChain     : Creating filter chain: any request, [org.springframework.security.web.context.request.async.WebAsyncManagerIntegrationFilter@5e7abaf7, org.springframework.security.web.context.SecurityContextPersistenceFilter@15639d09, org.springframework.security.web.header.HeaderWriterFilter@50b46e24, org.springframework.security.web.authentication.logout.LogoutFilter@415d88de, org.store.com.jwt.JwtUserNameAndPasswordAuthennticationFilter@353f472a, org.store.com.jwt.JwtTokenVerify@63bfdbcb, org.springframework.security.web.savedrequest.RequestCacheAwareFilter@611e5819, org.springframework.security.web.servletapi.SecurityContextHolderAwareRequestFilter@d54d0f5, org.springframework.security.web.authentication.AnonymousAuthenticationFilter@7af0affa, org.springframework.security.web.session.SessionManagementFilter@7455dacb, org.springframework.security.web.access.ExceptionTranslationFilter@481b2f10, org.springframework.security.web.access.intercept.FilterSecurityInterceptor@7e5b621b]
2020-12-17 12:21:42.630  INFO 10492 --- [main] o.s.s.concurrent.ThreadPoolTaskExecutor  : Initializing ExecutorService 'applicationTaskExecutor'
2020-12-17 12:21:42.661 DEBUG 10492 --- [main] s.w.s.m.m.a.RequestMappingHandlerAdapter : ControllerAdvice beans: 0 @ModelAttribute, 0 @InitBinder, 1 RequestBodyAdvice, 1 ResponseBodyAdvice
2020-12-17 12:21:42.810 DEBUG 10492 --- [main] s.w.s.m.m.a.RequestMappingHandlerMapping : 19 mappings in 'requestMappingHandlerMapping'
2020-12-17 12:21:42.907 DEBUG 10492 --- [main] o.s.w.s.handler.SimpleUrlHandlerMapping  : Patterns [/webjars/**, /**] in 'resourceHandlerMapping'
2020-12-17 12:21:42.929 DEBUG 10492 --- [main] .m.m.a.ExceptionHandlerExceptionResolver : ControllerAdvice beans: 1 @ExceptionHandler, 1 ResponseBodyAdvice
2020-12-17 12:21:43.086  INFO 10492 --- [main] o.s.b.t.m.w.SpringBootMockServletContext : Initializing Spring TestDispatcherServlet ''
2020-12-17 12:21:43.087  INFO 10492 --- [main] o.s.t.web.servlet.TestDispatcherServlet  : Initializing Servlet ''
2020-12-17 12:21:43.103  INFO 10492 --- [main] o.s.t.web.servlet.TestDispatcherServlet  : Completed initialization in 16 ms
2020-12-17 12:21:43.159  INFO 10492 --- [main] o.s.c.BookStorePurchaseApplicationTests  : Started BookStorePurchaseApplicationTests in 3.734 seconds (JVM running for 5.201)
2020-12-17 12:21:43.311 DEBUG 10492 --- [SpringContextShutdownHook] o.s.w.c.s.GenericWebApplicationContext   : Closing org.springframework.web.context.support.GenericWebApplicationContext@8a589a2, started on Thu Dec 17 12:21:39 IST 2020
2020-12-17 12:21:43.318  INFO 10492 --- [SpringContextShutdownHook] o.s.s.concurrent.ThreadPoolTaskExecutor  : Shutting down ExecutorService 'applicationTaskExecutor'
2020-12-17 12:29:47.307  INFO 12384 --- [main] o.s.c.BookStorePurchaseApplicationTests  : Starting BookStorePurchaseApplicationTests on ADMINRG-TPPR4UK with PID 12384 (started by Admin in F:\LibraryManagementProject\BookStorePurchase)
2020-12-17 12:29:47.311  INFO 12384 --- [main] o.s.c.BookStorePurchaseApplicationTests  : No active profile set, falling back to default profiles: default
2020-12-17 12:29:47.334 DEBUG 12384 --- [main] o.s.w.c.s.GenericWebApplicationContext   : Refreshing org.springframework.web.context.support.GenericWebApplicationContext@8a589a2
2020-12-17 12:29:48.963  INFO 12384 --- [main] trationDelegate$BeanPostProcessorChecker : Bean 'org.springframework.security.access.expression.method.DefaultMethodSecurityExpressionHandler@63f855b' of type [org.springframework.security.access.expression.method.DefaultMethodSecurityExpressionHandler] is not eligible for getting processed by all BeanPostProcessors (for example: not eligible for auto-proxying)
2020-12-17 12:29:48.984  INFO 12384 --- [main] trationDelegate$BeanPostProcessorChecker : Bean 'methodSecurityMetadataSource' of type [org.springframework.security.access.method.DelegatingMethodSecurityMetadataSource] is not eligible for getting processed by all BeanPostProcessors (for example: not eligible for auto-proxying)
2020-12-17 12:29:49.575  INFO 12384 --- [main] o.s.s.web.DefaultSecurityFilterChain     : Creating filter chain: any request, [org.springframework.security.web.context.request.async.WebAsyncManagerIntegrationFilter@5e7abaf7, org.springframework.security.web.context.SecurityContextPersistenceFilter@15639d09, org.springframework.security.web.header.HeaderWriterFilter@50b46e24, org.springframework.security.web.authentication.logout.LogoutFilter@415d88de, org.store.com.jwt.JwtUserNameAndPasswordAuthennticationFilter@353f472a, org.store.com.jwt.JwtTokenVerify@63bfdbcb, org.springframework.security.web.savedrequest.RequestCacheAwareFilter@611e5819, org.springframework.security.web.servletapi.SecurityContextHolderAwareRequestFilter@d54d0f5, org.springframework.security.web.authentication.AnonymousAuthenticationFilter@7af0affa, org.springframework.security.web.session.SessionManagementFilter@7455dacb, org.springframework.security.web.access.ExceptionTranslationFilter@481b2f10, org.springframework.security.web.access.intercept.FilterSecurityInterceptor@7e5b621b]
2020-12-17 12:29:49.988  INFO 12384 --- [main] o.s.s.concurrent.ThreadPoolTaskExecutor  : Initializing ExecutorService 'applicationTaskExecutor'
2020-12-17 12:29:50.019 DEBUG 12384 --- [main] s.w.s.m.m.a.RequestMappingHandlerAdapter : ControllerAdvice beans: 0 @ModelAttribute, 0 @InitBinder, 1 RequestBodyAdvice, 1 ResponseBodyAdvice
2020-12-17 12:29:50.170 DEBUG 12384 --- [main] s.w.s.m.m.a.RequestMappingHandlerMapping : 19 mappings in 'requestMappingHandlerMapping'
2020-12-17 12:29:50.266 DEBUG 12384 --- [main] o.s.w.s.handler.SimpleUrlHandlerMapping  : Patterns [/webjars/**, /**] in 'resourceHandlerMapping'
2020-12-17 12:29:50.288 DEBUG 12384 --- [main] .m.m.a.ExceptionHandlerExceptionResolver : ControllerAdvice beans: 1 @ExceptionHandler, 1 ResponseBodyAdvice
2020-12-17 12:29:50.445  INFO 12384 --- [main] o.s.b.t.m.w.SpringBootMockServletContext : Initializing Spring TestDispatcherServlet ''
2020-12-17 12:29:50.446  INFO 12384 --- [main] o.s.t.web.servlet.TestDispatcherServlet  : Initializing Servlet ''
2020-12-17 12:29:50.466  INFO 12384 --- [main] o.s.t.web.servlet.TestDispatcherServlet  : Completed initialization in 18 ms
2020-12-17 12:29:50.516  INFO 12384 --- [main] o.s.c.BookStorePurchaseApplicationTests  : Started BookStorePurchaseApplicationTests in 3.665 seconds (JVM running for 5.176)
2020-12-17 12:29:50.759 DEBUG 12384 --- [main] s.w.s.m.m.a.RequestMappingHandlerMapping : Mapped to org.store.com.controller.UserController#createRoleAdmin(UserRequestDto)
2020-12-17 12:29:50.844 DEBUG 12384 --- [main] m.m.a.RequestResponseBodyMethodProcessor : Read "application/json" to [UserRequestDto [id=, userName=user1, email=user@1, password=userpass]]
2020-12-17 12:29:50.857  INFO 12384 --- [main] org.store.com.controller.UserController  : createRoleAdmin Controller createRoleAdmin Start() 
2020-12-17 12:29:50.862  INFO 12384 --- [main] org.store.com.controller.UserController  : createRoleAdmin Controller End() 
2020-12-17 12:29:50.874 DEBUG 12384 --- [main] o.s.w.s.m.m.a.HttpEntityMethodProcessor  : Using 'application/json', given [application/json] and supported [application/json, application/*+json, application/json, application/*+json]
2020-12-17 12:29:50.875 DEBUG 12384 --- [main] o.s.w.s.m.m.a.HttpEntityMethodProcessor  : Writing [UserResponseDto [id=null, name=user1, email=user@gmail, password=null]]
2020-12-17 12:29:51.012 DEBUG 12384 --- [SpringContextShutdownHook] o.s.w.c.s.GenericWebApplicationContext   : Closing org.springframework.web.context.support.GenericWebApplicationContext@8a589a2, started on Thu Dec 17 12:29:47 IST 2020
2020-12-17 12:29:51.017  INFO 12384 --- [SpringContextShutdownHook] o.s.s.concurrent.ThreadPoolTaskExecutor  : Shutting down ExecutorService 'applicationTaskExecutor'
2020-12-17 12:32:05.457  INFO 14252 --- [main] o.s.c.BookStorePurchaseApplicationTests  : Starting BookStorePurchaseApplicationTests on ADMINRG-TPPR4UK with PID 14252 (started by Admin in F:\LibraryManagementProject\BookStorePurchase)
2020-12-17 12:32:05.461  INFO 14252 --- [main] o.s.c.BookStorePurchaseApplicationTests  : No active profile set, falling back to default profiles: default
2020-12-17 12:32:05.490 DEBUG 14252 --- [main] o.s.w.c.s.GenericWebApplicationContext   : Refreshing org.springframework.web.context.support.GenericWebApplicationContext@8a589a2
2020-12-17 12:32:07.090  INFO 14252 --- [main] trationDelegate$BeanPostProcessorChecker : Bean 'org.springframework.security.access.expression.method.DefaultMethodSecurityExpressionHandler@3878be7b' of type [org.springframework.security.access.expression.method.DefaultMethodSecurityExpressionHandler] is not eligible for getting processed by all BeanPostProcessors (for example: not eligible for auto-proxying)
2020-12-17 12:32:07.108  INFO 14252 --- [main] trationDelegate$BeanPostProcessorChecker : Bean 'methodSecurityMetadataSource' of type [org.springframework.security.access.method.DelegatingMethodSecurityMetadataSource] is not eligible for getting processed by all BeanPostProcessors (for example: not eligible for auto-proxying)
2020-12-17 12:32:07.691  INFO 14252 --- [main] o.s.s.web.DefaultSecurityFilterChain     : Creating filter chain: any request, [org.springframework.security.web.context.request.async.WebAsyncManagerIntegrationFilter@7fb8bad0, org.springframework.security.web.context.SecurityContextPersistenceFilter@4e80a001, org.springframework.security.web.header.HeaderWriterFilter@740dcae3, org.springframework.security.web.authentication.logout.LogoutFilter@1953bc95, org.store.com.jwt.JwtUserNameAndPasswordAuthennticationFilter@12d40609, org.store.com.jwt.JwtTokenVerify@76437e9b, org.springframework.security.web.savedrequest.RequestCacheAwareFilter@1c30cb85, org.springframework.security.web.servletapi.SecurityContextHolderAwareRequestFilter@611e5819, org.springframework.security.web.authentication.AnonymousAuthenticationFilter@236ae13d, org.springframework.security.web.session.SessionManagementFilter@2b6c7012, org.springframework.security.web.access.ExceptionTranslationFilter@4c731956, org.springframework.security.web.access.intercept.FilterSecurityInterceptor@c2df90e]
2020-12-17 12:32:08.103  INFO 14252 --- [main] o.s.s.concurrent.ThreadPoolTaskExecutor  : Initializing ExecutorService 'applicationTaskExecutor'
2020-12-17 12:32:08.141 DEBUG 14252 --- [main] s.w.s.m.m.a.RequestMappingHandlerAdapter : ControllerAdvice beans: 0 @ModelAttribute, 0 @InitBinder, 1 RequestBodyAdvice, 1 ResponseBodyAdvice
2020-12-17 12:32:08.266 DEBUG 14252 --- [main] s.w.s.m.m.a.RequestMappingHandlerMapping : 19 mappings in 'requestMappingHandlerMapping'
2020-12-17 12:32:08.357 DEBUG 14252 --- [main] o.s.w.s.handler.SimpleUrlHandlerMapping  : Patterns [/webjars/**, /**] in 'resourceHandlerMapping'
2020-12-17 12:32:08.379 DEBUG 14252 --- [main] .m.m.a.ExceptionHandlerExceptionResolver : ControllerAdvice beans: 1 @ExceptionHandler, 1 ResponseBodyAdvice
2020-12-17 12:32:08.560  INFO 14252 --- [main] o.s.b.t.m.w.SpringBootMockServletContext : Initializing Spring TestDispatcherServlet ''
2020-12-17 12:32:08.560  INFO 14252 --- [main] o.s.t.web.servlet.TestDispatcherServlet  : Initializing Servlet ''
2020-12-17 12:32:08.578  INFO 14252 --- [main] o.s.t.web.servlet.TestDispatcherServlet  : Completed initialization in 17 ms
2020-12-17 12:32:08.629  INFO 14252 --- [main] o.s.c.BookStorePurchaseApplicationTests  : Started BookStorePurchaseApplicationTests in 3.654 seconds (JVM running for 5.074)
2020-12-17 12:32:08.866 DEBUG 14252 --- [main] s.w.s.m.m.a.RequestMappingHandlerMapping : Mapped to org.store.com.controller.UserController#createRoleAdmin(UserRequestDto)
2020-12-17 12:32:08.961 DEBUG 14252 --- [main] m.m.a.RequestResponseBodyMethodProcessor : Read "application/json" to [UserRequestDto [id=, userName=user1, email=user@1, password=userpass]]
2020-12-17 12:32:08.970  INFO 14252 --- [main] org.store.com.controller.UserController  : createRoleAdmin Controller createRoleAdmin Start() 
2020-12-17 12:32:08.974  INFO 14252 --- [main] org.store.com.controller.UserController  : createRoleAdmin Controller End() 
2020-12-17 12:32:08.988 DEBUG 14252 --- [main] o.s.w.s.m.m.a.HttpEntityMethodProcessor  : Using 'application/json', given [application/json] and supported [application/json, application/*+json, application/json, application/*+json]
2020-12-17 12:32:09.011 DEBUG 14252 --- [main] o.s.w.s.m.m.a.HttpEntityMethodProcessor  : Writing [UserResponseDto [id=null, name=user1, email=user@gmail, password=null]]
2020-12-17 12:32:09.170 DEBUG 14252 --- [SpringContextShutdownHook] o.s.w.c.s.GenericWebApplicationContext   : Closing org.springframework.web.context.support.GenericWebApplicationContext@8a589a2, started on Thu Dec 17 12:32:05 IST 2020
2020-12-17 12:32:09.179  INFO 14252 --- [SpringContextShutdownHook] o.s.s.concurrent.ThreadPoolTaskExecutor  : Shutting down ExecutorService 'applicationTaskExecutor'
